consensus_cl_id_21_total_supporting_reads_2701	gi|1956602377|gb|MW479113.1|	1956602377	208348	94.011	935	37	8	1	925	47	972	0.0	1399
consensus_cl_id_21_total_supporting_reads_2701	gi|1956602376|gb|MW479112.1|	1956602376	208348	94.011	935	37	8	1	925	47	972	0.0	1399
consensus_cl_id_21_total_supporting_reads_2701	gi|1956602375|gb|MW479111.1|	1956602375	208348	94.011	935	37	8	1	925	47	972	0.0	1399
consensus_cl_id_21_total_supporting_reads_2701	gi|94450568|gb|DQ460724.1|	94450568	208348	94.011	935	37	8	1	925	47	972	0.0	1399
consensus_cl_id_21_total_supporting_reads_2701	gi|90186470|gb|DQ417409.1|	90186470	208348	93.910	936	37	8	1	925	47	973	0.0	1395
consensus_cl_id_21_total_supporting_reads_2701	gi|94450566|gb|DQ460722.1|	94450566	321178	93.830	940	34	10	1	925	47	977	0.0	1393
consensus_cl_id_21_total_supporting_reads_2701	gi|2414099055|gb|CP110456.1|	2414099055	208348	93.810	937	37	11	1	925	1964448	1963521	0.0	1389
consensus_cl_id_21_total_supporting_reads_2701	gi|2414099055|gb|CP110456.1|	2414099055	208348	93.810	937	37	11	1	925	1973567	1972640	0.0	1389
consensus_cl_id_21_total_supporting_reads_2701	gi|2414099055|gb|CP110456.1|	2414099055	208348	93.810	937	37	11	1	925	1982683	1981756	0.0	1389
consensus_cl_id_21_total_supporting_reads_2701	gi|2414099055|gb|CP110456.1|	2414099055	208348	93.810	937	37	11	1	925	2010017	2009090	0.0	1389
consensus_cl_id_21_total_supporting_reads_2701	gi|2414099055|gb|CP110456.1|	2414099055	208348	93.710	938	37	11	1	925	2000901	1999973	0.0	1386
consensus_cl_id_21_total_supporting_reads_2701	gi|2414099055|gb|CP110456.1|	2414099055	208348	93.683	934	40	10	1	925	1991803	1990880	0.0	1380
consensus_cl_id_21_total_supporting_reads_2701	gi|2413988779|gb|CP110436.1|	2413988779	208348	93.810	937	37	11	1	925	2218898	2217971	0.0	1389
consensus_cl_id_21_total_supporting_reads_2701	gi|2413988779|gb|CP110436.1|	2413988779	208348	93.810	937	37	11	1	925	2228014	2227087	0.0	1389
consensus_cl_id_21_total_supporting_reads_2701	gi|2413988779|gb|CP110436.1|	2413988779	208348	93.703	937	38	11	1	925	2239492	2238565	0.0	1384
consensus_cl_id_21_total_supporting_reads_2701	gi|2413988779|gb|CP110436.1|	2413988779	208348	93.703	937	38	11	1	925	2248553	2247626	0.0	1384
consensus_cl_id_21_total_supporting_reads_2701	gi|2413988779|gb|CP110436.1|	2413988779	208348	93.703	937	38	11	1	925	2266677	2265750	0.0	1384
consensus_cl_id_21_total_supporting_reads_2701	gi|2413988779|gb|CP110436.1|	2413988779	208348	93.703	937	38	11	1	925	2275739	2274812	0.0	1384
consensus_cl_id_21_total_supporting_reads_2701	gi|2413988779|gb|CP110436.1|	2413988779	208348	93.703	937	38	11	1	925	2284800	2283873	0.0	1384
consensus_cl_id_21_total_supporting_reads_2701	gi|2413988779|gb|CP110436.1|	2413988779	208348	92.691	944	38	20	1	925	2257616	2256685	0.0	1332
consensus_cl_id_21_total_supporting_reads_2701	gi|90186477|gb|DQ417416.1|	90186477	208348	93.810	937	37	9	1	925	46	973	0.0	1389
consensus_cl_id_21_total_supporting_reads_2701	gi|90186471|gb|DQ417410.1|	90186471	208348	93.810	937	37	8	1	925	47	974	0.0	1389
