consensus_cl_id_33_total_supporting_reads_1810	gi|1956602377|gb|MW479113.1|	1956602377	208348	94.726	929	38	6	1	921	47	972	0.0	1434
consensus_cl_id_33_total_supporting_reads_1810	gi|1956602376|gb|MW479112.1|	1956602376	208348	94.726	929	38	6	1	921	47	972	0.0	1434
consensus_cl_id_33_total_supporting_reads_1810	gi|1956602375|gb|MW479111.1|	1956602375	208348	94.726	929	38	6	1	921	47	972	0.0	1434
consensus_cl_id_33_total_supporting_reads_1810	gi|94450568|gb|DQ460724.1|	94450568	208348	94.726	929	38	6	1	921	47	972	0.0	1434
consensus_cl_id_33_total_supporting_reads_1810	gi|90186470|gb|DQ417409.1|	90186470	208348	94.624	930	38	6	1	921	47	973	0.0	1430
consensus_cl_id_33_total_supporting_reads_1810	gi|94450566|gb|DQ460722.1|	94450566	321178	94.545	935	33	8	1	921	47	977	0.0	1428
consensus_cl_id_33_total_supporting_reads_1810	gi|2414099055|gb|CP110456.1|	2414099055	208348	94.522	931	38	9	1	921	1964448	1963521	0.0	1424
consensus_cl_id_33_total_supporting_reads_1810	gi|2414099055|gb|CP110456.1|	2414099055	208348	94.522	931	38	9	1	921	1973567	1972640	0.0	1424
consensus_cl_id_33_total_supporting_reads_1810	gi|2414099055|gb|CP110456.1|	2414099055	208348	94.522	931	38	9	1	921	1982683	1981756	0.0	1424
consensus_cl_id_33_total_supporting_reads_1810	gi|2414099055|gb|CP110456.1|	2414099055	208348	94.522	931	38	9	1	921	2010017	2009090	0.0	1424
consensus_cl_id_33_total_supporting_reads_1810	gi|2414099055|gb|CP110456.1|	2414099055	208348	94.421	932	38	9	1	921	2000901	1999973	0.0	1421
consensus_cl_id_33_total_supporting_reads_1810	gi|2414099055|gb|CP110456.1|	2414099055	208348	94.403	929	39	9	1	921	1991803	1990880	0.0	1415
consensus_cl_id_33_total_supporting_reads_1810	gi|2413988779|gb|CP110436.1|	2413988779	208348	94.522	931	38	9	1	921	2218898	2217971	0.0	1424
consensus_cl_id_33_total_supporting_reads_1810	gi|2413988779|gb|CP110436.1|	2413988779	208348	94.522	931	38	9	1	921	2228014	2227087	0.0	1424
consensus_cl_id_33_total_supporting_reads_1810	gi|2413988779|gb|CP110436.1|	2413988779	208348	94.415	931	39	9	1	921	2239492	2238565	0.0	1419
consensus_cl_id_33_total_supporting_reads_1810	gi|2413988779|gb|CP110436.1|	2413988779	208348	94.415	931	39	9	1	921	2248553	2247626	0.0	1419
consensus_cl_id_33_total_supporting_reads_1810	gi|2413988779|gb|CP110436.1|	2413988779	208348	94.415	931	39	9	1	921	2266677	2265750	0.0	1419
consensus_cl_id_33_total_supporting_reads_1810	gi|2413988779|gb|CP110436.1|	2413988779	208348	94.415	931	39	9	1	921	2275739	2274812	0.0	1419
consensus_cl_id_33_total_supporting_reads_1810	gi|2413988779|gb|CP110436.1|	2413988779	208348	94.415	931	39	9	1	921	2284800	2283873	0.0	1419
consensus_cl_id_33_total_supporting_reads_1810	gi|2413988779|gb|CP110436.1|	2413988779	208348	93.390	938	39	18	1	921	2257616	2256685	0.0	1367
consensus_cl_id_33_total_supporting_reads_1810	gi|90186477|gb|DQ417416.1|	90186477	208348	94.522	931	38	7	1	921	46	973	0.0	1424
consensus_cl_id_33_total_supporting_reads_1810	gi|90186471|gb|DQ417410.1|	90186471	208348	94.522	931	38	6	1	921	47	974	0.0	1424
